<?xml version="1.0" encoding="UTF-8"?>
<?xml-stylesheet type="text/xsl" href="ivy-report.xsl"?>
<ivy-report version="1.0">
	<info
		organisation="test"
		module="test_1.2.2"
		revision="1.0-SNAPSHOT"
		conf="scala-tool"
		confs="compile, runtime, test, provided, optional, compile-internal, runtime-internal, test-internal, plugin, sources, docs, pom, scala-tool, echo-trace-compile, echo-trace-test, echo-weave, echo-sigar"
		date="20140919082325"/>
	<dependencies>
		<module organisation="org.scala-lang" name="scala-library">
			<revision name="1.2.2" error="not found" downloaded="false" searched="false" conf="default, optional(default)" position="-1">
				<caller organisation="test" name="test_1.2.2" conf="scala-tool" rev="1.2.2" rev-constraint-default="1.2.2" rev-constraint-dynamic="1.2.2" callerrev="1.0-SNAPSHOT"/>
				<artifacts>
				</artifacts>
			</revision>
		</module>
		<module organisation="org.scala-lang" name="scala-compiler">
			<revision name="1.2.2" error="not found" downloaded="false" searched="false" conf="default, optional(default)" position="-1">
				<caller organisation="test" name="test_1.2.2" conf="scala-tool" rev="1.2.2" rev-constraint-default="1.2.2" rev-constraint-dynamic="1.2.2" callerrev="1.0-SNAPSHOT"/>
				<artifacts>
				</artifacts>
			</revision>
		</module>
	</dependencies>
</ivy-report>
