<?xml version="1.0" encoding="UTF-8"?>
<?xml-stylesheet type="text/xsl" href="ivy-report.xsl"?>
<ivy-report version="1.0">
	<info
		organisation="test"
		module="test_1.2.2"
		revision="1.0-SNAPSHOT"
		conf="docs"
		confs="compile, runtime, test, provided, optional, compile-internal, runtime-internal, test-internal, plugin, sources, docs, pom, scala-tool, echo-trace-compile, echo-trace-test, echo-weave, echo-sigar"
		date="20140919082325"/>
	<dependencies>
		<module organisation="com.typesafe.play" name="play-docs_1.2.2">
			<revision name="2.3.4" error="not found" downloaded="false" searched="false" conf="default(compile)" position="-1">
				<caller organisation="test" name="test_1.2.2" conf="docs" rev="2.3.4" rev-constraint-default="2.3.4" rev-constraint-dynamic="2.3.4" callerrev="1.0-SNAPSHOT"/>
				<artifacts>
				</artifacts>
			</revision>
		</module>
	</dependencies>
</ivy-report>
